05/19 11:47:35 [DEBUG] [47566402090048] [COMPS.Data.SerializableEntity] OutputFileMetadata --> {'Id': '_internal_id', 'Length': 'length', 'FriendlyName': 'friendly_name', 'PathFromRoot': 'path_from_root', 'Url': 'url', 'MimeType': 'mime_type'}
05/19 11:47:35 [DEBUG] [47566402090048] [COMPS.Data.SerializableEntity] AssetFile --> {'FileName': 'file_name', 'MD5Checksum': 'md5_checksum', 'Length': 'length', 'Uri': 'uri'}
05/19 11:47:35 [DEBUG] [47566402090048] [COMPS.Data.SerializableEntity] AssetCollectionFile --> {'RelativePath': 'relative_path', 'Tags': 'tags', 'FileName': 'file_name', 'MD5Checksum': 'md5_checksum', 'Length': 'length', 'Uri': 'uri'}
05/19 11:47:35 [DEBUG] [47566402090048] [COMPS.Data.SerializableEntity] AssetCollection --> {'Id': 'id', 'DateCreated': 'date_created', 'Tags': 'tags', 'Assets': 'assets'}
05/19 11:47:35 [DEBUG] [47566402090048] [COMPS.Data.SerializableEntity] Configuration --> {'EnvironmentName': 'environment_name', 'SimulationInputArgs': 'simulation_input_args', 'WorkingDirectoryRoot': 'working_directory_root', 'ExecutablePath': 'executable_path', 'NodeGroupName': 'node_group_name', 'MaximumNumberOfRetries': 'maximum_number_of_retries', 'Priority': 'priority', 'MinCores': 'min_cores', 'MaxCores': 'max_cores', 'Exclusive': 'exclusive', 'AssetCollectionId': 'asset_collection_id'}
05/19 11:47:35 [DEBUG] [47566402090048] [COMPS.Data.SerializableEntity] SimulationFile --> {'FileType': 'file_type', 'Description': 'description', 'FileName': 'file_name', 'MD5Checksum': 'md5_checksum', 'Length': 'length', 'Uri': 'uri'}
05/19 11:47:35 [DEBUG] [47566402090048] [COMPS.Data.SerializableEntity] WorkItemFile --> {'FileType': 'file_type', 'Description': 'description', 'FileName': 'file_name', 'MD5Checksum': 'md5_checksum', 'Length': 'length', 'Uri': 'uri'}
05/19 11:47:35 [DEBUG] [47566402090048] [COMPS.Data.SerializableEntity] HpcJob --> {'Id': '_internal_id', 'JobId': 'job_id', 'JobState': 'job_state', 'Priority': 'priority', 'WorkingDirectory': 'working_directory', 'OutputDirectorySize': 'output_directory_size', 'SubmitTime': 'submit_time', 'StartTime': 'start_time', 'EndTime': 'end_time', 'ErrorMessage': 'error_message', 'Configuration': 'configuration'}
05/19 11:47:35 [DEBUG] [47566402090048] [COMPS.Data.SerializableEntity] Simulation --> {'Id': 'id', 'ExperimentId': 'experiment_id', 'Name': 'name', 'Description': 'description', 'Owner': 'owner', 'DateCreated': 'date_created', 'LastModified': 'last_modified', 'SimulationState': 'state', 'ErrorMessage': 'error_message', 'Tags': 'tags', 'Configuration': 'configuration', 'Files': 'files', 'HPCJobs': 'hpc_jobs'}
05/19 11:47:35 [DEBUG] [47566402090048] [COMPS.Data.SerializableEntity] Experiment --> {'Id': 'id', 'SuiteId': 'suite_id', 'Name': 'name', 'Description': 'description', 'Owner': 'owner', 'DateCreated': 'date_created', 'LastModified': 'last_modified', 'Tags': 'tags', 'Configuration': 'configuration'}
05/19 11:47:35 [DEBUG] [47566402090048] [COMPS.Data.SerializableEntity] Suite --> {'Id': 'id', 'Name': 'name', 'Description': 'description', 'Owner': 'owner', 'DateCreated': 'date_created', 'LastModified': 'last_modified', 'Tags': 'tags', 'Configuration': 'configuration'}
05/19 11:47:35 [DEBUG] [47566402090048] [COMPS.Data.SerializableEntity] WorkItem --> {'Id': 'id', 'Name': 'name', 'Worker': 'worker', 'EnvironmentName': 'environment_name', 'Description': 'description', 'Owner': 'owner', 'DateCreated': 'date_created', 'LastModified': 'last_modified', 'State': 'state', 'ErrorMessage': 'error_message', 'HostName': 'host_name', 'WorkerInstanceId': 'worker_instance_id', 'Priority': 'priority', 'WorkingDirectory': 'working_directory', 'WorkingDirectorySize': 'working_directory_size', 'AssetCollectionId': 'asset_collection_id', 'Tags': 'tags', 'Files': 'files', 'Plugins': 'plugins'}
05/19 11:47:37 [DEBUG] [47566402090048] [COMPS.Client] Parsed login host: ('https', 'comps.idmod.org', None)
05/19 11:47:50 [DEBUG] [47566402090048] [COMPS.Data.WorkItem] md5 checksum for file WorkOrder.json is b2fdd046-46aa-00a6-4126-12e46f5e8e48
05/19 11:47:50 [DEBUG] [47566402090048] [COMPS.Data.WorkItem] md5 checksum for file clusters.csv is 06e44eb7-8def-0d68-2d0a-509dea5fa151
05/19 11:47:50 [DEBUG] [47566402090048] [COMPS.Data.WorkItem] No save_semaphore passed in; using process-local semaphore
05/19 11:47:50 [DEBUG] [47566402090048] [COMPS.Client] REQUEST -> POST https://comps.idmod.org/api/WorkItems
05/19 11:47:50 [DEBUG] [47566402090048] [COMPS.Client] REQUEST -> GET https://comps.idmod.org/api/WorkItems/3bb59be3-64f6-ed11-aa06-b88303911bc1 {'count': 100000}
05/19 11:47:50 [INFO] [47566402090048] [COMPS.Data.WorkItem] WorkItem has not been altered... no point in saving it!
05/19 11:47:50 [DEBUG] [47566402090048] [COMPS.Client] REQUEST -> GET https://comps.idmod.org/api/WorkItems/3bb59be3-64f6-ed11-aa06-b88303911bc1 {'fields': 'Id,Name,State,EnvironmentName', 'children': 'Tags', 'count': 100000}
05/19 11:47:50 [DEBUG] [47566402090048] [COMPS.Client] REQUEST -> PUT https://comps.idmod.org/api/WorkItems/3bb59be3-64f6-ed11-aa06-b88303911bc1/State/CommissionRequested
05/19 11:47:51 [DEBUG] [47566402090048] [COMPS.Client] REQUEST -> GET https://comps.idmod.org/api/WorkItems/3bb59be3-64f6-ed11-aa06-b88303911bc1 {'fields': 'Id,State', 'count': 100000}
05/19 11:47:56 [DEBUG] [47566402090048] [COMPS.Client] REQUEST -> GET https://comps.idmod.org/api/WorkItems/3bb59be3-64f6-ed11-aa06-b88303911bc1 {'fields': 'Id,State', 'count': 100000}
05/19 11:48:01 [DEBUG] [47566402090048] [COMPS.Client] REQUEST -> GET https://comps.idmod.org/api/WorkItems/3bb59be3-64f6-ed11-aa06-b88303911bc1 {'fields': 'Id,State', 'count': 100000}
05/19 11:48:06 [DEBUG] [47566402090048] [COMPS.Client] REQUEST -> GET https://comps.idmod.org/api/WorkItems/3bb59be3-64f6-ed11-aa06-b88303911bc1 {'fields': 'Id,State', 'count': 100000}
05/19 11:48:12 [DEBUG] [47566402090048] [COMPS.Client] REQUEST -> GET https://comps.idmod.org/api/WorkItems/3bb59be3-64f6-ed11-aa06-b88303911bc1 {'fields': 'Id,State', 'count': 100000}
05/19 11:48:17 [DEBUG] [47566402090048] [COMPS.Client] REQUEST -> GET https://comps.idmod.org/api/WorkItems/3bb59be3-64f6-ed11-aa06-b88303911bc1 {'fields': 'Id,State', 'count': 100000}
05/19 11:48:22 [DEBUG] [47566402090048] [COMPS.Client] REQUEST -> GET https://comps.idmod.org/api/WorkItems/3bb59be3-64f6-ed11-aa06-b88303911bc1 {'fields': 'Id,State', 'count': 100000}
05/19 11:48:27 [DEBUG] [47566402090048] [COMPS.Client] REQUEST -> GET https://comps.idmod.org/api/WorkItems/3bb59be3-64f6-ed11-aa06-b88303911bc1 {'fields': 'Id,State', 'count': 100000}
05/19 11:48:33 [DEBUG] [47566402090048] [COMPS.Client] REQUEST -> GET https://comps.idmod.org/api/WorkItems/3bb59be3-64f6-ed11-aa06-b88303911bc1 {'fields': 'Id,State', 'count': 100000}
05/19 11:48:38 [DEBUG] [47566402090048] [COMPS.Client] REQUEST -> GET https://comps.idmod.org/api/WorkItems/3bb59be3-64f6-ed11-aa06-b88303911bc1 {'fields': 'Id,State', 'count': 100000}
05/19 11:48:43 [DEBUG] [47566402090048] [COMPS.Client] REQUEST -> GET https://comps.idmod.org/api/WorkItems/3bb59be3-64f6-ed11-aa06-b88303911bc1 {'fields': 'Id,State', 'count': 100000}
05/19 11:48:48 [DEBUG] [47566402090048] [COMPS.Client] REQUEST -> GET https://comps.idmod.org/api/WorkItems/3bb59be3-64f6-ed11-aa06-b88303911bc1 {'fields': 'Id,State', 'count': 100000}
05/19 11:48:54 [DEBUG] [47566402090048] [COMPS.Client] REQUEST -> GET https://comps.idmod.org/api/WorkItems/3bb59be3-64f6-ed11-aa06-b88303911bc1 {'fields': 'Id,State', 'count': 100000}
05/19 11:48:59 [DEBUG] [47566402090048] [COMPS.Client] REQUEST -> GET https://comps.idmod.org/api/WorkItems/3bb59be3-64f6-ed11-aa06-b88303911bc1 {'fields': 'Id,State', 'count': 100000}
05/19 11:49:04 [DEBUG] [47566402090048] [COMPS.Client] REQUEST -> GET https://comps.idmod.org/api/WorkItems/3bb59be3-64f6-ed11-aa06-b88303911bc1 {'fields': 'Id,State', 'count': 100000}
05/19 11:49:10 [DEBUG] [47566402090048] [COMPS.Client] REQUEST -> GET https://comps.idmod.org/api/WorkItems/3bb59be3-64f6-ed11-aa06-b88303911bc1 {'fields': 'Id,State', 'count': 100000}
05/19 11:49:15 [DEBUG] [47566402090048] [COMPS.Client] REQUEST -> GET https://comps.idmod.org/api/WorkItems/3bb59be3-64f6-ed11-aa06-b88303911bc1 {'fields': 'Id,State', 'count': 100000}
05/19 11:49:20 [DEBUG] [47566402090048] [COMPS.Client] REQUEST -> GET https://comps.idmod.org/api/WorkItems/3bb59be3-64f6-ed11-aa06-b88303911bc1 {'fields': 'Id,State', 'count': 100000}
05/19 11:49:25 [DEBUG] [47566402090048] [COMPS.Client] REQUEST -> GET https://comps.idmod.org/api/WorkItems/3bb59be3-64f6-ed11-aa06-b88303911bc1 {'fields': 'Id,State', 'count': 100000}
05/19 11:49:30 [DEBUG] [47566402090048] [COMPS.Client] REQUEST -> GET https://comps.idmod.org/api/WorkItems/3bb59be3-64f6-ed11-aa06-b88303911bc1 {'fields': 'Id,State', 'count': 100000}
05/19 11:49:36 [DEBUG] [47566402090048] [COMPS.Client] REQUEST -> GET https://comps.idmod.org/api/WorkItems/3bb59be3-64f6-ed11-aa06-b88303911bc1 {'fields': 'Id,State', 'count': 100000}
05/19 11:49:41 [DEBUG] [47566402090048] [COMPS.Client] REQUEST -> GET https://comps.idmod.org/api/WorkItems/3bb59be3-64f6-ed11-aa06-b88303911bc1 {'fields': 'Id,State', 'count': 100000}
05/19 11:49:46 [DEBUG] [47566402090048] [COMPS.Client] REQUEST -> GET https://comps.idmod.org/api/WorkItems/3bb59be3-64f6-ed11-aa06-b88303911bc1 {'fields': 'Id,State', 'count': 100000}
05/19 11:49:51 [DEBUG] [47566402090048] [COMPS.Client] REQUEST -> GET https://comps.idmod.org/api/WorkItems/3bb59be3-64f6-ed11-aa06-b88303911bc1 {'fields': 'Id,State', 'count': 100000}
05/19 11:49:57 [DEBUG] [47566402090048] [COMPS.Client] REQUEST -> GET https://comps.idmod.org/api/WorkItems/3bb59be3-64f6-ed11-aa06-b88303911bc1 {'fields': 'Id,State', 'count': 100000}
05/19 11:50:02 [DEBUG] [47566402090048] [COMPS.Client] REQUEST -> GET https://comps.idmod.org/api/WorkItems/3bb59be3-64f6-ed11-aa06-b88303911bc1 {'fields': 'Id,State', 'count': 100000}
05/19 11:50:07 [DEBUG] [47566402090048] [COMPS.Client] REQUEST -> GET https://comps.idmod.org/api/WorkItems/3bb59be3-64f6-ed11-aa06-b88303911bc1 {'fields': 'Id,State', 'count': 100000}
05/19 11:50:12 [DEBUG] [47566402090048] [COMPS.Client] REQUEST -> GET https://comps.idmod.org/api/WorkItems/3bb59be3-64f6-ed11-aa06-b88303911bc1 {'fields': 'Id,State', 'count': 100000}
05/19 11:50:18 [DEBUG] [47566402090048] [COMPS.Client] REQUEST -> GET https://comps.idmod.org/api/WorkItems/3bb59be3-64f6-ed11-aa06-b88303911bc1 {'fields': 'Id,State', 'count': 100000}
05/19 11:50:23 [DEBUG] [47566402090048] [COMPS.Client] REQUEST -> GET https://comps.idmod.org/api/WorkItems/3bb59be3-64f6-ed11-aa06-b88303911bc1 {'fields': 'Id,State', 'count': 100000}
05/19 11:50:28 [DEBUG] [47566402090048] [COMPS.Client] REQUEST -> GET https://comps.idmod.org/api/WorkItems/3bb59be3-64f6-ed11-aa06-b88303911bc1 {'fields': 'Id,State', 'count': 100000}
05/19 11:50:33 [DEBUG] [47566402090048] [COMPS.Client] REQUEST -> GET https://comps.idmod.org/api/WorkItems/3bb59be3-64f6-ed11-aa06-b88303911bc1 {'fields': 'Id,State', 'count': 100000}
05/19 11:50:39 [DEBUG] [47566402090048] [COMPS.Client] REQUEST -> GET https://comps.idmod.org/api/WorkItems/3bb59be3-64f6-ed11-aa06-b88303911bc1 {'fields': 'Id,State', 'count': 100000}
05/19 11:50:44 [DEBUG] [47566402090048] [COMPS.Client] REQUEST -> GET https://comps.idmod.org/api/WorkItems/3bb59be3-64f6-ed11-aa06-b88303911bc1 {'fields': 'Id,State', 'count': 100000}
05/19 11:50:49 [DEBUG] [47566402090048] [COMPS.Client] REQUEST -> GET https://comps.idmod.org/api/WorkItems/3bb59be3-64f6-ed11-aa06-b88303911bc1 {'fields': 'Id,State', 'count': 100000}
05/19 11:50:54 [DEBUG] [47566402090048] [COMPS.Client] REQUEST -> GET https://comps.idmod.org/api/WorkItems/3bb59be3-64f6-ed11-aa06-b88303911bc1 {'fields': 'Id,State', 'count': 100000}
05/19 11:51:00 [DEBUG] [47566402090048] [COMPS.Client] REQUEST -> GET https://comps.idmod.org/api/WorkItems/3bb59be3-64f6-ed11-aa06-b88303911bc1 {'fields': 'Id,State', 'count': 100000}
05/19 11:51:05 [DEBUG] [47566402090048] [COMPS.Client] REQUEST -> GET https://comps.idmod.org/api/WorkItems/3bb59be3-64f6-ed11-aa06-b88303911bc1 {'fields': 'Id,State', 'count': 100000}
05/19 11:51:10 [DEBUG] [47566402090048] [COMPS.Client] REQUEST -> GET https://comps.idmod.org/api/WorkItems/3bb59be3-64f6-ed11-aa06-b88303911bc1 {'fields': 'Id,State', 'count': 100000}
05/19 11:51:15 [DEBUG] [47566402090048] [COMPS.Client] REQUEST -> GET https://comps.idmod.org/api/WorkItems/3bb59be3-64f6-ed11-aa06-b88303911bc1 {'fields': 'Id,State', 'count': 100000}
05/19 11:51:21 [DEBUG] [47566402090048] [COMPS.Client] REQUEST -> GET https://comps.idmod.org/api/WorkItems/3bb59be3-64f6-ed11-aa06-b88303911bc1 {'fields': 'Id,State', 'count': 100000}
05/19 11:51:26 [DEBUG] [47566402090048] [COMPS.Client] REQUEST -> GET https://comps.idmod.org/api/WorkItems/3bb59be3-64f6-ed11-aa06-b88303911bc1 {'fields': 'Id,State', 'count': 100000}
05/19 11:51:31 [DEBUG] [47566402090048] [COMPS.Client] REQUEST -> GET https://comps.idmod.org/api/WorkItems/3bb59be3-64f6-ed11-aa06-b88303911bc1 {'fields': 'Id,State', 'count': 100000}
05/19 11:51:37 [DEBUG] [47566402090048] [COMPS.Client] REQUEST -> GET https://comps.idmod.org/api/WorkItems/3bb59be3-64f6-ed11-aa06-b88303911bc1 {'fields': 'Id,State', 'count': 100000}
05/19 11:51:42 [DEBUG] [47566402090048] [COMPS.Client] REQUEST -> GET https://comps.idmod.org/api/WorkItems/3bb59be3-64f6-ed11-aa06-b88303911bc1 {'fields': 'Id,State', 'count': 100000}
05/19 11:51:47 [DEBUG] [47566402090048] [COMPS.Client] REQUEST -> GET https://comps.idmod.org/api/WorkItems/3bb59be3-64f6-ed11-aa06-b88303911bc1 {'fields': 'Id,State', 'count': 100000}
05/19 11:51:52 [DEBUG] [47566402090048] [COMPS.Client] REQUEST -> GET https://comps.idmod.org/api/WorkItems/3bb59be3-64f6-ed11-aa06-b88303911bc1 {'fields': 'Id,State', 'count': 100000}
05/19 11:51:57 [DEBUG] [47566402090048] [COMPS.Client] REQUEST -> GET https://comps.idmod.org/api/WorkItems/3bb59be3-64f6-ed11-aa06-b88303911bc1 {'fields': 'Id,State', 'count': 100000}
05/19 11:52:03 [DEBUG] [47566402090048] [COMPS.Client] REQUEST -> GET https://comps.idmod.org/api/WorkItems/3bb59be3-64f6-ed11-aa06-b88303911bc1 {'fields': 'Id,State', 'count': 100000}
05/19 11:52:08 [DEBUG] [47566402090048] [COMPS.Client] REQUEST -> GET https://comps.idmod.org/api/WorkItems/3bb59be3-64f6-ed11-aa06-b88303911bc1 {'fields': 'Id,State', 'count': 100000}
05/19 11:52:13 [DEBUG] [47566402090048] [COMPS.Client] REQUEST -> GET https://comps.idmod.org/api/WorkItems/3bb59be3-64f6-ed11-aa06-b88303911bc1 {'fields': 'Id,State', 'count': 100000}
05/19 11:52:18 [DEBUG] [47566402090048] [COMPS.Client] REQUEST -> GET https://comps.idmod.org/api/WorkItems/3bb59be3-64f6-ed11-aa06-b88303911bc1 {'fields': 'Id,State', 'count': 100000}
05/19 11:52:24 [DEBUG] [47566402090048] [COMPS.Client] REQUEST -> GET https://comps.idmod.org/api/WorkItems/3bb59be3-64f6-ed11-aa06-b88303911bc1 {'fields': 'Id,State', 'count': 100000}
05/19 11:52:29 [DEBUG] [47566402090048] [COMPS.Client] REQUEST -> GET https://comps.idmod.org/api/WorkItems/3bb59be3-64f6-ed11-aa06-b88303911bc1 {'fields': 'Id,State', 'count': 100000}
05/19 11:52:34 [DEBUG] [47566402090048] [COMPS.Client] REQUEST -> GET https://comps.idmod.org/api/WorkItems/3bb59be3-64f6-ed11-aa06-b88303911bc1 {'fields': 'Id,State', 'count': 100000}
05/19 11:52:39 [DEBUG] [47566402090048] [COMPS.Client] REQUEST -> GET https://comps.idmod.org/api/WorkItems/3bb59be3-64f6-ed11-aa06-b88303911bc1 {'fields': 'Id,State', 'count': 100000}
05/19 11:52:45 [DEBUG] [47566402090048] [COMPS.Client] REQUEST -> GET https://comps.idmod.org/api/WorkItems/3bb59be3-64f6-ed11-aa06-b88303911bc1 {'fields': 'Id,State', 'count': 100000}
05/19 11:52:50 [DEBUG] [47566402090048] [COMPS.Client] REQUEST -> GET https://comps.idmod.org/api/WorkItems/3bb59be3-64f6-ed11-aa06-b88303911bc1 {'fields': 'Id,State', 'count': 100000}
05/19 11:52:55 [DEBUG] [47566402090048] [COMPS.Client] REQUEST -> GET https://comps.idmod.org/api/WorkItems/3bb59be3-64f6-ed11-aa06-b88303911bc1 {'fields': 'Id,State', 'count': 100000}
05/19 11:53:00 [DEBUG] [47566402090048] [COMPS.Client] REQUEST -> GET https://comps.idmod.org/api/WorkItems/3bb59be3-64f6-ed11-aa06-b88303911bc1 {'fields': 'Id,State', 'count': 100000}
05/19 11:53:06 [DEBUG] [47566402090048] [COMPS.Client] REQUEST -> GET https://comps.idmod.org/api/WorkItems/3bb59be3-64f6-ed11-aa06-b88303911bc1 {'fields': 'Id,State', 'count': 100000}
05/19 11:53:11 [DEBUG] [47566402090048] [COMPS.Client] REQUEST -> GET https://comps.idmod.org/api/WorkItems/3bb59be3-64f6-ed11-aa06-b88303911bc1 {'fields': 'Id,State', 'count': 100000}
05/19 11:53:16 [DEBUG] [47566402090048] [COMPS.Client] REQUEST -> GET https://comps.idmod.org/api/WorkItems/3bb59be3-64f6-ed11-aa06-b88303911bc1 {'fields': 'Id,State', 'count': 100000}
05/19 11:53:22 [DEBUG] [47566402090048] [COMPS.Client] REQUEST -> GET https://comps.idmod.org/api/WorkItems/3bb59be3-64f6-ed11-aa06-b88303911bc1 {'fields': 'Id,State', 'count': 100000}
05/19 11:53:27 [DEBUG] [47566402090048] [COMPS.Client] REQUEST -> GET https://comps.idmod.org/api/WorkItems/3bb59be3-64f6-ed11-aa06-b88303911bc1 {'fields': 'Id,State', 'count': 100000}
05/19 11:53:32 [DEBUG] [47566402090048] [COMPS.Client] REQUEST -> GET https://comps.idmod.org/api/WorkItems/3bb59be3-64f6-ed11-aa06-b88303911bc1 {'fields': 'Id,State', 'count': 100000}
05/19 11:53:37 [DEBUG] [47566402090048] [COMPS.Client] REQUEST -> GET https://comps.idmod.org/api/WorkItems/3bb59be3-64f6-ed11-aa06-b88303911bc1 {'fields': 'Id,State', 'count': 100000}
05/19 11:53:43 [DEBUG] [47566402090048] [COMPS.Client] REQUEST -> GET https://comps.idmod.org/api/WorkItems/3bb59be3-64f6-ed11-aa06-b88303911bc1 {'fields': 'Id,State', 'count': 100000}
05/19 11:53:48 [DEBUG] [47566402090048] [COMPS.Client] REQUEST -> GET https://comps.idmod.org/api/WorkItems/3bb59be3-64f6-ed11-aa06-b88303911bc1 {'fields': 'Id,State', 'count': 100000}
05/19 11:53:53 [DEBUG] [47566402090048] [COMPS.Client] REQUEST -> GET https://comps.idmod.org/api/WorkItems/3bb59be3-64f6-ed11-aa06-b88303911bc1 {'fields': 'Id,State', 'count': 100000}
05/19 11:53:58 [DEBUG] [47566402090048] [COMPS.Client] REQUEST -> GET https://comps.idmod.org/api/WorkItems/3bb59be3-64f6-ed11-aa06-b88303911bc1 {'fields': 'Id,State', 'count': 100000}
05/19 11:54:04 [DEBUG] [47566402090048] [COMPS.Client] REQUEST -> GET https://comps.idmod.org/api/WorkItems/3bb59be3-64f6-ed11-aa06-b88303911bc1 {'fields': 'Id,State', 'count': 100000}
05/19 11:54:09 [DEBUG] [47566402090048] [COMPS.Client] REQUEST -> GET https://comps.idmod.org/api/WorkItems/3bb59be3-64f6-ed11-aa06-b88303911bc1 {'fields': 'Id,State', 'count': 100000}
05/19 11:54:14 [DEBUG] [47566402090048] [COMPS.Client] REQUEST -> GET https://comps.idmod.org/api/WorkItems/3bb59be3-64f6-ed11-aa06-b88303911bc1 {'fields': 'Id,State', 'count': 100000}
05/19 11:54:19 [DEBUG] [47566402090048] [COMPS.Client] REQUEST -> GET https://comps.idmod.org/api/WorkItems/3bb59be3-64f6-ed11-aa06-b88303911bc1 {'fields': 'Id,State', 'count': 100000}
05/19 11:54:25 [DEBUG] [47566402090048] [COMPS.Client] REQUEST -> GET https://comps.idmod.org/api/WorkItems/3bb59be3-64f6-ed11-aa06-b88303911bc1 {'fields': 'Id,State', 'count': 100000}
05/19 11:54:30 [DEBUG] [47566402090048] [COMPS.Client] REQUEST -> GET https://comps.idmod.org/api/WorkItems/3bb59be3-64f6-ed11-aa06-b88303911bc1 {'fields': 'Id,State', 'count': 100000}
05/19 11:54:35 [DEBUG] [47566402090048] [COMPS.Client] REQUEST -> GET https://comps.idmod.org/api/WorkItems/3bb59be3-64f6-ed11-aa06-b88303911bc1 {'fields': 'Id,State', 'count': 100000}
05/19 11:54:40 [DEBUG] [47566402090048] [COMPS.Client] REQUEST -> GET https://comps.idmod.org/api/WorkItems/3bb59be3-64f6-ed11-aa06-b88303911bc1 {'fields': 'Id,State', 'count': 100000}
05/19 11:54:46 [DEBUG] [47566402090048] [COMPS.Client] REQUEST -> GET https://comps.idmod.org/api/WorkItems/3bb59be3-64f6-ed11-aa06-b88303911bc1 {'fields': 'Id,State', 'count': 100000}
05/19 11:54:51 [DEBUG] [47566402090048] [COMPS.Client] REQUEST -> GET https://comps.idmod.org/api/WorkItems/3bb59be3-64f6-ed11-aa06-b88303911bc1 {'fields': 'Id,State', 'count': 100000}
05/19 11:54:56 [DEBUG] [47566402090048] [COMPS.Client] REQUEST -> GET https://comps.idmod.org/api/WorkItems/3bb59be3-64f6-ed11-aa06-b88303911bc1 {'fields': 'Id,State', 'count': 100000}
05/19 11:55:01 [DEBUG] [47566402090048] [COMPS.Client] REQUEST -> GET https://comps.idmod.org/api/WorkItems/3bb59be3-64f6-ed11-aa06-b88303911bc1 {'fields': 'Id,State', 'count': 100000}
05/19 11:55:07 [DEBUG] [47566402090048] [COMPS.Client] REQUEST -> GET https://comps.idmod.org/api/WorkItems/3bb59be3-64f6-ed11-aa06-b88303911bc1 {'fields': 'Id,State', 'count': 100000}
05/19 11:55:12 [DEBUG] [47566402090048] [COMPS.Client] REQUEST -> GET https://comps.idmod.org/api/WorkItems/3bb59be3-64f6-ed11-aa06-b88303911bc1 {'fields': 'Id,State', 'count': 100000}
05/19 11:55:17 [DEBUG] [47566402090048] [COMPS.Client] REQUEST -> GET https://comps.idmod.org/api/WorkItems/3bb59be3-64f6-ed11-aa06-b88303911bc1 {'fields': 'Id,State', 'count': 100000}
05/19 11:55:22 [DEBUG] [47566402090048] [COMPS.Client] REQUEST -> GET https://comps.idmod.org/api/WorkItems/3bb59be3-64f6-ed11-aa06-b88303911bc1 {'fields': 'Id,State', 'count': 100000}
05/19 11:55:28 [DEBUG] [47566402090048] [COMPS.Client] REQUEST -> GET https://comps.idmod.org/api/WorkItems/3bb59be3-64f6-ed11-aa06-b88303911bc1 {'fields': 'Id,State', 'count': 100000}
05/19 11:55:33 [DEBUG] [47566402090048] [COMPS.Client] REQUEST -> GET https://comps.idmod.org/api/WorkItems/3bb59be3-64f6-ed11-aa06-b88303911bc1 {'fields': 'Id,State', 'count': 100000}
05/19 11:55:38 [DEBUG] [47566402090048] [COMPS.Client] REQUEST -> GET https://comps.idmod.org/api/WorkItems/3bb59be3-64f6-ed11-aa06-b88303911bc1 {'fields': 'Id,State', 'count': 100000}
05/19 11:55:43 [DEBUG] [47566402090048] [COMPS.Client] REQUEST -> GET https://comps.idmod.org/api/WorkItems/3bb59be3-64f6-ed11-aa06-b88303911bc1 {'fields': 'Id,State', 'count': 100000}
05/19 11:55:48 [DEBUG] [47566402090048] [COMPS.Client] REQUEST -> GET https://comps.idmod.org/api/WorkItems/3bb59be3-64f6-ed11-aa06-b88303911bc1 {'fields': 'Id,State', 'count': 100000}
05/19 11:55:54 [DEBUG] [47566402090048] [COMPS.Client] REQUEST -> GET https://comps.idmod.org/api/WorkItems/3bb59be3-64f6-ed11-aa06-b88303911bc1 {'fields': 'Id,State', 'count': 100000}
05/19 11:55:54 [DEBUG] [47566402090048] [COMPS.Client] REQUEST -> GET https://comps.idmod.org/api/WorkItems/3bb59be3-64f6-ed11-aa06-b88303911bc1 {'fields': 'Id,Name,State,EnvironmentName', 'children': 'Tags', 'count': 100000}
05/19 11:55:54 [DEBUG] [47566402090048] [COMPS.Client] REQUEST -> GET https://comps.idmod.org/api/WorkItems/3bb59be3-64f6-ed11-aa06-b88303911bc1/Related {'RelatedObject': 'AssetCollection', 'RelationType': 'Created'}
05/19 11:55:54 [DEBUG] [47566402090048] [COMPS.Client] REQUEST -> GET https://comps.idmod.org/api/AssetCollections/6851e727-73d8-ed11-aa05-b88303911bc1 {'count': 100000}
05/19 11:55:55 [DEBUG] [47566402090048] [COMPS.Client] REQUEST -> GET https://comps.idmod.org/api/AssetCollections/6851e727-73d8-ed11-aa05-b88303911bc1 {'children': 'Assets,Tags', 'count': 100000}
05/19 11:55:55 [DEBUG] [47566402090048] [COMPS.Client] REQUEST -> GET https://comps.idmod.org/asset/download/myysGlxuKdH7zEXwlK33IMQc1bjLEC6I457kT4IqdCc_/UmVzZXJ2ZWRGb3JGdXR1cmVVc2U_/XFxpbnRlcm5hbC5pZG0uY3RyXElETVxDT01QU1xTdG9yYWdlXEFzc2V0c1w4ODFcYThjXDNmZlw4ODFhOGMzZi1mMWFiLWU4NzItMWI1OS0wYTQ2ZTZlMmUxZDA_/dtk_15arcmin_rainfall_daily.bin.json
05/19 11:55:55 [DEBUG] [47566402090048] [COMPS.Client] REQUEST -> GET https://comps.idmod.org/asset/download/XcdISUw.HWfiJxvbi-D9HqTPwAclroRZyXfmi.pom2I_/UmVzZXJ2ZWRGb3JGdXR1cmVVc2U_/XFxpbnRlcm5hbC5pZG0uY3RyXElETVxDT01QU1xTdG9yYWdlXEFzc2V0c1w4ODFcYThjXDNmZlw4ODFhOGMzZi1mMWFiLWU4NzItMWI1OS0wYTQ2ZTZlMmUxZDA_/dtk_15arcmin_relative_humidity_daily.bin.json
05/19 11:55:55 [DEBUG] [47566402090048] [COMPS.Client] REQUEST -> GET https://comps.idmod.org/asset/download/uoSvRkB.PXegwhbSyRD560gJ5DC84.dw3Vg0syYnW0w_/UmVzZXJ2ZWRGb3JGdXR1cmVVc2U_/XFxpbnRlcm5hbC5pZG0uY3RyXElETVxDT01QU1xTdG9yYWdlXEFzc2V0c1w4ODFcYThjXDNmZlw4ODFhOGMzZi1mMWFiLWU4NzItMWI1OS0wYTQ2ZTZlMmUxZDA_/dtk_15arcmin_air_temperature_daily.bin.json
05/19 11:55:56 [DEBUG] [47566402090048] [COMPS.Client] REQUEST -> GET https://comps.idmod.org/asset/download/UWqnv4es0.U0ZFnk6V0ZsBkmiA0pxUvC5-tG05ytvq8_/UmVzZXJ2ZWRGb3JGdXR1cmVVc2U_/XFxpbnRlcm5hbC5pZG0uY3RyXElETVxDT01QU1xTdG9yYWdlXEFzc2V0c1w4ODFcYThjXDNmZlw4ODFhOGMzZi1mMWFiLWU4NzItMWI1OS0wYTQ2ZTZlMmUxZDA_/dtk_15arcmin_land_temperature_daily.bin.json
05/19 11:55:56 [DEBUG] [47566402090048] [COMPS.Client] REQUEST -> GET https://comps.idmod.org/asset/download/qxuHm1tYnDpNf8jlgldKdFcWFDhwihrj.5G53YXrszg_/UmVzZXJ2ZWRGb3JGdXR1cmVVc2U_/XFxpbnRlcm5hbC5pZG0uY3RyXElETVxDT01QU1xTdG9yYWdlXEFzc2V0c1w5OGNcZjE2XGVkN1w5OGNmMTZlZC03Mjk1LTZjYWItYjk0Mi0xM2MzMmRiOWI3NWM_/dtk_15arcmin_rainfall_daily.bin
05/19 11:55:56 [DEBUG] [47566402090048] [COMPS.Client] REQUEST -> GET https://comps.idmod.org/asset/download/Jx216ArOHW4fFdUJBjs.1EEo0hmJzQPELmsDjqc4Bd8_/UmVzZXJ2ZWRGb3JGdXR1cmVVc2U_/XFxpbnRlcm5hbC5pZG0uY3RyXElETVxDT01QU1xTdG9yYWdlXEFzc2V0c1xhOTVcODY5XGZiNlxhOTU4NjlmYi02NjllLWE2ZGYtNzNlYy0xY2ZlMGNjOTg3ZjE_/dtk_15arcmin_land_temperature_daily.bin
05/19 11:55:56 [DEBUG] [47566402090048] [COMPS.Client] REQUEST -> GET https://comps.idmod.org/asset/download/D2asBgjR3dtV2MvbFOrrZ6kiV5FHxoFNA3X7vrKgieI_/UmVzZXJ2ZWRGb3JGdXR1cmVVc2U_/XFxpbnRlcm5hbC5pZG0uY3RyXElETVxDT01QU1xTdG9yYWdlXEFzc2V0c1xlM2ZcNjY3XDE5ZFxlM2Y2NjcxOS1kYmNlLTlhMmItNDExNS03YmJlZTk3MDhiMjY_/dtk_15arcmin_air_temperature_daily.bin
05/19 11:55:57 [DEBUG] [47566402090048] [COMPS.Client] REQUEST -> GET https://comps.idmod.org/asset/download/quhXSniM-sz.wEmnxTnGMjkG-z4OP2UVk85nzu3B.Lw_/UmVzZXJ2ZWRGb3JGdXR1cmVVc2U_/XFxpbnRlcm5hbC5pZG0uY3RyXElETVxDT01QU1xTdG9yYWdlXEFzc2V0c1xmNDVcZTc2XDZhZVxmNDVlNzY2YS1lYzZkLTk4MjQtNmYzMC1kMDFmOTg4MTUxMDU_/dtk_15arcmin_relative_humidity_daily.bin
